<?xml version="1.0" encoding="UTF-8"?>
<testsuite name="com.matheussantana.cloudnative.tema1.calculator.CalculatorTest" tests="8" skipped="0" failures="0" errors="0" timestamp="2021-07-05T16:04:13" hostname="matheus-Virtual-Machine" time="0.101">
  <properties/>
  <testcase name="shouldSum()" classname="com.matheussantana.cloudnative.tema1.calculator.CalculatorTest" time="0.068"/>
  <testcase name="shouldDivide()" classname="com.matheussantana.cloudnative.tema1.calculator.CalculatorTest" time="0.002"/>
  <testcase name="shouldReturnAnException()" classname="com.matheussantana.cloudnative.tema1.calculator.CalculatorTest" time="0.003"/>
  <testcase name="shouldMultiply()" classname="com.matheussantana.cloudnative.tema1.calculator.CalculatorTest" time="0.002"/>
  <testcase name="shouldDoPow()" classname="com.matheussantana.cloudnative.tema1.calculator.CalculatorTest" time="0.004"/>
  <testcase name="shouldReturnAnInformation()" classname="com.matheussantana.cloudnative.tema1.calculator.CalculatorTest" time="0.002"/>
  <testcase name="shouldSubtract()" classname="com.matheussantana.cloudnative.tema1.calculator.CalculatorTest" time="0.003"/>
  <testcase name="getCalculatorHistoric()" classname="com.matheussantana.cloudnative.tema1.calculator.CalculatorTest" time="0.004"/>
  <system-out><![CDATA[]]></system-out>
  <system-err><![CDATA[106 [Test worker] INFO org.springframework.test.context.support.DefaultTestContextBootstrapper - Loaded default TestExecutionListener class names from location [META-INF/spring.factories]: [org.springframework.test.context.web.ServletTestExecutionListener, org.springframework.test.context.support.DirtiesContextBeforeModesTestExecutionListener, org.springframework.test.context.support.DependencyInjectionTestExecutionListener, org.springframework.test.context.support.DirtiesContextTestExecutionListener, org.springframework.test.context.transaction.TransactionalTestExecutionListener, org.springframework.test.context.jdbc.SqlScriptsTestExecutionListener, org.springframework.test.context.event.EventPublishingTestExecutionListener]
118 [Test worker] INFO org.springframework.test.context.support.DefaultTestContextBootstrapper - Using TestExecutionListeners: [org.springframework.test.context.support.DirtiesContextBeforeModesTestExecutionListener@70edac37, org.springframework.test.context.support.DependencyInjectionTestExecutionListener@288aa4d6, org.springframework.test.context.support.DirtiesContextTestExecutionListener@15c45dc, org.springframework.test.context.event.EventPublishingTestExecutionListener@521a4d6e]
]]></system-err>
</testsuite>
